<?xml version="1.0" encoding="UTF-8"?>
<!-- Generated by org.testng.reporters.JUnitReportReporter -->
<testsuite skipped="0" hostname="TYSS-4F-083" name="com.qa.test.GetAPITest" tests="1" failures="0" timestamp="29 May 2018 07:24:57 GMT" time="1.385" errors="0">
  <testcase name="getAPITest" time="1.385" classname="com.qa.test.GetAPITest"/>
</testsuite> <!-- com.qa.test.GetAPITest -->
